0 info it worked if it ends with ok
1 verbose cli [ '/usr/local/bin/node', '/usr/local/bin/npm', 'install' ]
2 info using npm@2.11.2
3 info using node@v0.12.5
4 verbose readDependencies loading dependencies from /Users/Tweek/Dropbox/code/webmap/package.json
5 verbose install where, deps [ '/Users/Tweek/Dropbox/code/webmap',
5 verbose install   [ 'bcryptjs',
5 verbose install     'body-parser',
5 verbose install     'cookie-parser',
5 verbose install     'debug',
5 verbose install     'express',
5 verbose install     'jade',
5 verbose install     'jquery',
5 verbose install     'lodash',
5 verbose install     'mongodb',
5 verbose install     'morgan',
5 verbose install     'serve-favicon',
5 verbose install     'mime',
5 verbose install     'url',
5 verbose install     'express-session',
5 verbose install     'moment',
5 verbose install     'socket.io',
5 verbose install     'serialport2',
5 verbose install     'express-debug',
5 verbose install     'gulp',
5 verbose install     'gulp-concat',
5 verbose install     'gulp-sass',
5 verbose install     'gulp-uglify',
5 verbose install     'gulp-if' ] ]
6 verbose install where, peers [ '/Users/Tweek/Dropbox/code/webmap', [] ]
7 verbose installManyTop reading for lifecycle /Users/Tweek/Dropbox/code/webmap/package.json
8 info preinstall webmap@0.0.0
9 verbose installManyTop reading scoped package data from /Users/Tweek/Dropbox/code/webmap/node_modules/bcryptjs/package.json
10 verbose installManyTop reading scoped package data from /Users/Tweek/Dropbox/code/webmap/node_modules/body-parser/package.json
11 verbose installManyTop reading scoped package data from /Users/Tweek/Dropbox/code/webmap/node_modules/cookie-parser/package.json
12 verbose installManyTop reading scoped package data from /Users/Tweek/Dropbox/code/webmap/node_modules/debug/package.json
13 verbose installManyTop reading scoped package data from /Users/Tweek/Dropbox/code/webmap/node_modules/express/package.json
14 verbose installManyTop reading scoped package data from /Users/Tweek/Dropbox/code/webmap/node_modules/express-debug/package.json
15 verbose installManyTop reading scoped package data from /Users/Tweek/Dropbox/code/webmap/node_modules/express-session/package.json
16 verbose installManyTop reading scoped package data from /Users/Tweek/Dropbox/code/webmap/node_modules/gulp/package.json
17 verbose installManyTop reading scoped package data from /Users/Tweek/Dropbox/code/webmap/node_modules/gulp-concat/package.json
18 verbose installManyTop reading scoped package data from /Users/Tweek/Dropbox/code/webmap/node_modules/gulp-if/package.json
19 verbose installManyTop reading scoped package data from /Users/Tweek/Dropbox/code/webmap/node_modules/gulp-sass/package.json
20 verbose installManyTop reading scoped package data from /Users/Tweek/Dropbox/code/webmap/node_modules/gulp-uglify/package.json
21 verbose installManyTop reading scoped package data from /Users/Tweek/Dropbox/code/webmap/node_modules/jade/package.json
22 verbose installManyTop reading scoped package data from /Users/Tweek/Dropbox/code/webmap/node_modules/jquery/package.json
23 verbose installManyTop reading scoped package data from /Users/Tweek/Dropbox/code/webmap/node_modules/lodash/package.json
24 verbose installManyTop reading scoped package data from /Users/Tweek/Dropbox/code/webmap/node_modules/mime/package.json
25 verbose installManyTop reading scoped package data from /Users/Tweek/Dropbox/code/webmap/node_modules/moment/package.json
26 verbose installManyTop reading scoped package data from /Users/Tweek/Dropbox/code/webmap/node_modules/mongodb/package.json
27 verbose installManyTop reading scoped package data from /Users/Tweek/Dropbox/code/webmap/node_modules/morgan/package.json
28 verbose installManyTop reading scoped package data from /Users/Tweek/Dropbox/code/webmap/node_modules/nmea/package.json
29 verbose installManyTop reading scoped package data from /Users/Tweek/Dropbox/code/webmap/node_modules/serialport/package.json
30 verbose installManyTop reading scoped package data from /Users/Tweek/Dropbox/code/webmap/node_modules/serve-favicon/package.json
31 verbose installManyTop reading scoped package data from /Users/Tweek/Dropbox/code/webmap/node_modules/socket.io/package.json
32 verbose installManyTop reading scoped package data from /Users/Tweek/Dropbox/code/webmap/node_modules/url/package.json
33 info package.json gulp-if@1.2.5 No license field.
34 info package.json jquery@2.1.4 No license field.
35 info package.json mime@1.3.4 No license field.
36 info package.json nmea@0.0.9 No license field.
37 info package.json serialport@1.7.4 No license field.
38 info package.json url@0.10.3 url is also the name of a node core module.
39 info package.json socket.io@1.3.7 No license field.
40 verbose readDependencies loading dependencies from /Users/Tweek/Dropbox/code/webmap/package.json
41 verbose targetResolver reading package data from /Users/Tweek/Dropbox/code/webmap/node_modules/bcryptjs/package.json
42 verbose targetResolver reading package data from /Users/Tweek/Dropbox/code/webmap/node_modules/body-parser/package.json
43 verbose targetResolver reading package data from /Users/Tweek/Dropbox/code/webmap/node_modules/cookie-parser/package.json
44 verbose targetResolver reading package data from /Users/Tweek/Dropbox/code/webmap/node_modules/debug/package.json
45 verbose targetResolver reading package data from /Users/Tweek/Dropbox/code/webmap/node_modules/express/package.json
46 verbose targetResolver reading package data from /Users/Tweek/Dropbox/code/webmap/node_modules/express-debug/package.json
47 verbose targetResolver reading package data from /Users/Tweek/Dropbox/code/webmap/node_modules/express-session/package.json
48 verbose targetResolver reading package data from /Users/Tweek/Dropbox/code/webmap/node_modules/gulp/package.json
49 verbose targetResolver reading package data from /Users/Tweek/Dropbox/code/webmap/node_modules/gulp-concat/package.json
50 verbose targetResolver reading package data from /Users/Tweek/Dropbox/code/webmap/node_modules/gulp-if/package.json
51 verbose targetResolver reading package data from /Users/Tweek/Dropbox/code/webmap/node_modules/gulp-sass/package.json
52 verbose targetResolver reading package data from /Users/Tweek/Dropbox/code/webmap/node_modules/gulp-uglify/package.json
53 verbose targetResolver reading package data from /Users/Tweek/Dropbox/code/webmap/node_modules/jade/package.json
54 verbose targetResolver reading package data from /Users/Tweek/Dropbox/code/webmap/node_modules/jquery/package.json
55 verbose targetResolver reading package data from /Users/Tweek/Dropbox/code/webmap/node_modules/lodash/package.json
56 verbose targetResolver reading package data from /Users/Tweek/Dropbox/code/webmap/node_modules/mime/package.json
57 verbose targetResolver reading package data from /Users/Tweek/Dropbox/code/webmap/node_modules/moment/package.json
58 verbose targetResolver reading package data from /Users/Tweek/Dropbox/code/webmap/node_modules/mongodb/package.json
59 verbose targetResolver reading package data from /Users/Tweek/Dropbox/code/webmap/node_modules/morgan/package.json
60 verbose targetResolver reading package data from /Users/Tweek/Dropbox/code/webmap/node_modules/nmea/package.json
61 verbose targetResolver reading package data from /Users/Tweek/Dropbox/code/webmap/node_modules/serialport/package.json
62 verbose targetResolver reading package data from /Users/Tweek/Dropbox/code/webmap/node_modules/serve-favicon/package.json
63 verbose targetResolver reading package data from /Users/Tweek/Dropbox/code/webmap/node_modules/socket.io/package.json
64 verbose targetResolver reading package data from /Users/Tweek/Dropbox/code/webmap/node_modules/url/package.json
65 verbose targetResolver reading package data from /Users/Tweek/Dropbox/code/webmap/node_modules/.bin/gulp/package.json
66 verbose targetResolver reading package data from /Users/Tweek/Dropbox/code/webmap/node_modules/.bin/jade/package.json
67 verbose targetResolver reading package data from /Users/Tweek/Dropbox/code/webmap/node_modules/.bin/mime/package.json
68 verbose targetResolver reading package data from /Users/Tweek/Dropbox/code/webmap/node_modules/.bin/serialportlist/package.json
69 verbose targetResolver reading package data from /Users/Tweek/Dropbox/code/webmap/node_modules/.bin/serialportterm/package.json
70 verbose already installed skipping debug@~2.1.1 /Users/Tweek/Dropbox/code/webmap
71 verbose already installed skipping express@~4.12.2 /Users/Tweek/Dropbox/code/webmap
72 verbose already installed skipping jade@~1.9.2 /Users/Tweek/Dropbox/code/webmap
73 verbose already installed skipping jquery@>= 1.9.1 /Users/Tweek/Dropbox/code/webmap
74 verbose already installed skipping lodash@^3.8.0 /Users/Tweek/Dropbox/code/webmap
75 verbose already installed skipping mongodb@* /Users/Tweek/Dropbox/code/webmap
76 verbose already installed skipping morgan@~1.5.1 /Users/Tweek/Dropbox/code/webmap
77 verbose already installed skipping serve-favicon@~2.2.0 /Users/Tweek/Dropbox/code/webmap
78 verbose already installed skipping mime@1.3.4 /Users/Tweek/Dropbox/code/webmap
79 verbose already installed skipping url@0.10.3 /Users/Tweek/Dropbox/code/webmap
80 verbose already installed skipping express-session@1.11.3 /Users/Tweek/Dropbox/code/webmap
81 verbose already installed skipping moment@2.10.6 /Users/Tweek/Dropbox/code/webmap
82 verbose already installed skipping socket.io@1.3.7 /Users/Tweek/Dropbox/code/webmap
83 silly cache add args [ 'serialport2@*', null ]
84 verbose cache add spec serialport2@*
85 silly cache add parsed spec { raw: 'serialport2@*',
85 silly cache add   scope: null,
85 silly cache add   name: 'serialport2',
85 silly cache add   rawSpec: '*',
85 silly cache add   spec: '*',
85 silly cache add   type: 'range' }
86 silly addNamed serialport2@*
87 verbose addNamed "*" is a valid semver range for serialport2
88 silly addNameRange { name: 'serialport2', range: '*', hasData: false }
89 silly mapToRegistry name serialport2
90 silly mapToRegistry using default registry
91 silly mapToRegistry registry https://registry.npmjs.org/
92 silly mapToRegistry uri https://registry.npmjs.org/serialport2
93 verbose addNameRange registry:https://registry.npmjs.org/serialport2 not in flight; fetching
94 verbose already installed skipping express-debug@^1.1.1 /Users/Tweek/Dropbox/code/webmap
95 verbose already installed skipping gulp@^3.9.0 /Users/Tweek/Dropbox/code/webmap
96 verbose already installed skipping gulp-concat@^2.6.0 /Users/Tweek/Dropbox/code/webmap
97 verbose already installed skipping gulp-sass@^2.0.4 /Users/Tweek/Dropbox/code/webmap
98 verbose already installed skipping gulp-uglify@^1.2.0 /Users/Tweek/Dropbox/code/webmap
99 verbose already installed skipping gulp-if@1.2.5 /Users/Tweek/Dropbox/code/webmap
100 verbose request uri https://registry.npmjs.org/serialport2
101 verbose request no auth needed
102 info attempt registry request try #1 at 2:27:53 PM
103 verbose request id 8119d0cbf1a1c88c
104 verbose etag "1QTVWBAEXZPKU8B7IXQUDHKUP"
105 http request GET https://registry.npmjs.org/serialport2
106 verbose already installed skipping bcryptjs@* /Users/Tweek/Dropbox/code/webmap
107 verbose already installed skipping body-parser@~1.12.0 /Users/Tweek/Dropbox/code/webmap
108 verbose already installed skipping cookie-parser@~1.3.4 /Users/Tweek/Dropbox/code/webmap
109 http 304 https://registry.npmjs.org/serialport2
110 silly get cb [ 304,
110 silly get   { date: 'Fri, 02 Oct 2015 10:27:55 GMT',
110 silly get     via: '1.1 varnish',
110 silly get     'cache-control': 'max-age=60',
110 silly get     etag: '"1QTVWBAEXZPKU8B7IXQUDHKUP"',
110 silly get     age: '13',
110 silly get     connection: 'keep-alive',
110 silly get     'x-served-by': 'cache-sin6921-SIN',
110 silly get     'x-cache': 'HIT',
110 silly get     'x-cache-hits': '1',
110 silly get     'x-timer': 'S1443781675.935090,VS0,VE0',
110 silly get     vary: 'Accept' } ]
111 verbose etag https://registry.npmjs.org/serialport2 from cache
112 verbose get saving serialport2 to /Users/Tweek/.npm/registry.npmjs.org/serialport2/.cache.json
113 silly addNameRange number 2 { name: 'serialport2', range: '*', hasData: true }
114 silly addNameRange versions [ 'serialport2',
114 silly addNameRange   [ '0.0.1', '0.0.2', '0.0.3', '0.0.4', '0.0.5' ] ]
115 silly addNamed serialport2@0.0.5
116 verbose addNamed "0.0.5" is a plain semver version for serialport2
117 warn deprecated serialport2@0.0.5: Development has moved to serialport
118 silly cache afterAdd serialport2@0.0.5
119 verbose afterAdd /Users/Tweek/.npm/serialport2/0.0.5/package/package.json not in flight; writing
120 verbose afterAdd /Users/Tweek/.npm/serialport2/0.0.5/package/package.json written
121 silly install resolved [ { name: 'serialport2',
121 silly install resolved     description: 'node.js serial port driver.',
121 silly install resolved     author: { name: 'Joe Ferner', email: 'joe.ferner@nearinfinity.com' },
121 silly install resolved     keywords: [ 'serial', 'serialport', 'com', 'comport', 'arduino' ],
121 silly install resolved     version: '0.0.5',
121 silly install resolved     engines: { node: '>=0.6.0' },
121 silly install resolved     maintainers: [ [Object] ],
121 silly install resolved     bugs: { url: 'https://github.com/joeferner/node-serialport2/issues' },
121 silly install resolved     license: 'MIT',
121 silly install resolved     repository:
121 silly install resolved      { type: 'git',
121 silly install resolved        url: 'git://github.com/joeferner/node-serialport2.git' },
121 silly install resolved     dependencies:
121 silly install resolved      { bindings: '0.3.0',
121 silly install resolved        async: '0.1.18',
121 silly install resolved        sf: '0.1.3',
121 silly install resolved        optimist: '~0.3.4' },
121 silly install resolved     devDependencies: { nodeunit: '~0.7.4' },
121 silly install resolved     scripts: { test: 'node ./node_modules/nodeunit/bin/nodeunit test' },
121 silly install resolved     main: './index.js',
121 silly install resolved     bin:
121 silly install resolved      { serialportlist: './bin/serialportList.js',
121 silly install resolved        serialportterm: './bin/serialportTerminal.js' },
121 silly install resolved     _npmUser: { name: 'joeferner', email: 'joe@fernsroth.com' },
121 silly install resolved     _id: 'serialport2@0.0.5',
121 silly install resolved     _engineSupported: true,
121 silly install resolved     _npmVersion: '1.1.0-alpha-6',
121 silly install resolved     _nodeVersion: 'v0.7.8',
121 silly install resolved     _defaultsLoaded: true,
121 silly install resolved     dist:
121 silly install resolved      { shasum: 'd74af5ad22e77518c40aa9f5c58586df0d38fe17',
121 silly install resolved        tarball: 'http://registry.npmjs.org/serialport2/-/serialport2-0.0.5.tgz' },
121 silly install resolved     deprecated: 'Development has moved to serialport',
121 silly install resolved     directories: {},
121 silly install resolved     _shasum: 'd74af5ad22e77518c40aa9f5c58586df0d38fe17',
121 silly install resolved     _resolved: 'https://registry.npmjs.org/serialport2/-/serialport2-0.0.5.tgz',
121 silly install resolved     _from: 'serialport2@*',
121 silly install resolved     readme: 'ERROR: No README data found!',
121 silly install resolved     homepage: 'https://github.com/joeferner/node-serialport2#readme' } ]
122 info install serialport2@0.0.5 into /Users/Tweek/Dropbox/code/webmap
123 info installOne serialport2@0.0.5
124 verbose installOne of serialport2 to /Users/Tweek/Dropbox/code/webmap not in flight; installing
125 verbose lock using /Users/Tweek/.npm/_locks/serialport2-75045133f5c35a3b.lock for /Users/Tweek/Dropbox/code/webmap/node_modules/serialport2
126 silly install write writing serialport2 0.0.5 to /Users/Tweek/Dropbox/code/webmap/node_modules/serialport2
127 verbose unbuild node_modules/serialport2
128 silly gentlyRm /Users/Tweek/Dropbox/code/webmap/node_modules/serialport2 is being purged from base /Users/Tweek/Dropbox/code/webmap
129 verbose gentlyRm don't care about contents; nuking /Users/Tweek/Dropbox/code/webmap/node_modules/serialport2
130 verbose tar unpack /Users/Tweek/.npm/serialport2/0.0.5/package.tgz
131 verbose tar unpacking to /Users/Tweek/Dropbox/code/webmap/node_modules/serialport2
132 silly gentlyRm /Users/Tweek/Dropbox/code/webmap/node_modules/serialport2 is being purged
133 verbose gentlyRm don't care about contents; nuking /Users/Tweek/Dropbox/code/webmap/node_modules/serialport2
134 silly gunzTarPerm modes [ '755', '644' ]
135 silly gunzTarPerm extractEntry lib/
136 silly gunzTarPerm extractEntry lib/serialport.js
137 silly gunzTarPerm extractEntry test/
138 silly gunzTarPerm extractEntry test/arduinioEcho/
139 silly gunzTarPerm extractEntry test/arduinioEcho/arduinioEcho.ino
140 silly gunzTarPerm extractEntry test/echoTest.js
141 silly gunzTarPerm extractEntry .idea/
142 silly gunzTarPerm extractEntry .idea/node-serialport2.iml
143 silly gunzTarPerm extractEntry .idea/misc.xml
144 silly gunzTarPerm extractEntry .idea/vcs.xml
145 silly gunzTarPerm extractEntry .idea/workspace.xml
146 silly gunzTarPerm extractEntry .idea/.name
147 silly gunzTarPerm extractEntry .idea/modules.xml
148 silly gunzTarPerm extractEntry .idea/encodings.xml
149 silly gunzTarPerm extractEntry .idea/scopes/
150 silly gunzTarPerm extractEntry .idea/scopes/scope_settings.xml
151 silly gunzTarPerm extractEntry binding.gyp
152 silly gunzTarPerm extractEntry src/
153 silly gunzTarPerm extractEntry src/serialport.cpp
154 silly gunzTarPerm extractEntry src/win/
155 silly gunzTarPerm extractEntry src/win/disphelper.h
156 silly gunzTarPerm extractEntry src/win/disphelper.c
157 silly gunzTarPerm extractEntry src/serialport_unix.cpp
158 silly gunzTarPerm extractEntry src/serialport.h
159 silly gunzTarPerm extractEntry src/serialport_win.cpp
160 silly gunzTarPerm extractEntry .gitignore
161 silly gunzTarPerm extractEntry index.js
162 silly gunzTarPerm extractEntry bin/
163 silly gunzTarPerm extractEntry bin/serialportList.js
164 silly gunzTarPerm extractEntry bin/serialportTerminal.js
165 silly gunzTarPerm extractEntry package.json
166 silly gunzTarPerm extractEntry README.md
167 verbose write writing to /Users/Tweek/Dropbox/code/webmap/node_modules/serialport2/package.json
168 info preinstall serialport2@0.0.5
169 verbose readDependencies loading dependencies from /Users/Tweek/Dropbox/code/webmap/node_modules/serialport2/package.json
170 silly prepareForInstallMany adding bindings@0.3.0 from serialport2 dependencies
171 silly prepareForInstallMany adding async@0.1.18 from serialport2 dependencies
172 silly prepareForInstallMany adding sf@0.1.3 from serialport2 dependencies
173 silly prepareForInstallMany adding optimist@~0.3.4 from serialport2 dependencies
174 verbose readDependencies loading dependencies from /Users/Tweek/Dropbox/code/webmap/node_modules/serialport2/package.json
175 silly cache add args [ 'sf@0.1.3', null ]
176 verbose cache add spec sf@0.1.3
177 silly cache add parsed spec { raw: 'sf@0.1.3',
177 silly cache add   scope: null,
177 silly cache add   name: 'sf',
177 silly cache add   rawSpec: '0.1.3',
177 silly cache add   spec: '0.1.3',
177 silly cache add   type: 'version' }
178 silly addNamed sf@0.1.3
179 verbose addNamed "0.1.3" is a plain semver version for sf
180 silly mapToRegistry name sf
181 silly mapToRegistry using default registry
182 silly mapToRegistry registry https://registry.npmjs.org/
183 silly mapToRegistry uri https://registry.npmjs.org/sf
184 verbose addNameVersion registry:https://registry.npmjs.org/sf not in flight; fetching
185 silly cache add args [ 'optimist@~0.3.4', null ]
186 verbose cache add spec optimist@~0.3.4
187 silly cache add parsed spec { raw: 'optimist@~0.3.4',
187 silly cache add   scope: null,
187 silly cache add   name: 'optimist',
187 silly cache add   rawSpec: '~0.3.4',
187 silly cache add   spec: '>=0.3.4 <0.4.0',
187 silly cache add   type: 'range' }
188 silly addNamed optimist@>=0.3.4 <0.4.0
189 verbose addNamed ">=0.3.4 <0.4.0" is a valid semver range for optimist
190 silly addNameRange { name: 'optimist', range: '>=0.3.4 <0.4.0', hasData: false }
191 silly mapToRegistry name optimist
192 silly mapToRegistry using default registry
193 silly mapToRegistry registry https://registry.npmjs.org/
194 silly mapToRegistry uri https://registry.npmjs.org/optimist
195 verbose addNameRange registry:https://registry.npmjs.org/optimist not in flight; fetching
196 silly cache add args [ 'bindings@0.3.0', null ]
197 verbose cache add spec bindings@0.3.0
198 silly cache add parsed spec { raw: 'bindings@0.3.0',
198 silly cache add   scope: null,
198 silly cache add   name: 'bindings',
198 silly cache add   rawSpec: '0.3.0',
198 silly cache add   spec: '0.3.0',
198 silly cache add   type: 'version' }
199 silly addNamed bindings@0.3.0
200 verbose addNamed "0.3.0" is a plain semver version for bindings
201 silly mapToRegistry name bindings
202 silly mapToRegistry using default registry
203 silly mapToRegistry registry https://registry.npmjs.org/
204 silly mapToRegistry uri https://registry.npmjs.org/bindings
205 verbose addNameVersion registry:https://registry.npmjs.org/bindings not in flight; fetching
206 silly cache add args [ 'async@0.1.18', null ]
207 verbose cache add spec async@0.1.18
208 silly cache add parsed spec { raw: 'async@0.1.18',
208 silly cache add   scope: null,
208 silly cache add   name: 'async',
208 silly cache add   rawSpec: '0.1.18',
208 silly cache add   spec: '0.1.18',
208 silly cache add   type: 'version' }
209 silly addNamed async@0.1.18
210 verbose addNamed "0.1.18" is a plain semver version for async
211 silly mapToRegistry name async
212 silly mapToRegistry using default registry
213 silly mapToRegistry registry https://registry.npmjs.org/
214 silly mapToRegistry uri https://registry.npmjs.org/async
215 verbose addNameVersion registry:https://registry.npmjs.org/async not in flight; fetching
216 verbose request uri https://registry.npmjs.org/sf
217 verbose request no auth needed
218 info attempt registry request try #1 at 2:27:56 PM
219 verbose etag "18YCYRQVZMFUSUJEQ9LVIUD85"
220 http request GET https://registry.npmjs.org/sf
221 verbose request uri https://registry.npmjs.org/optimist
222 verbose request no auth needed
223 info attempt registry request try #1 at 2:27:56 PM
224 verbose etag "E004JVE1GJB2PQM84CXY4HD09"
225 http request GET https://registry.npmjs.org/optimist
226 verbose request uri https://registry.npmjs.org/bindings
227 verbose request no auth needed
228 info attempt registry request try #1 at 2:27:56 PM
229 verbose etag "547Q3C60W4DUGPOZ65YOO6930"
230 http request GET https://registry.npmjs.org/bindings
231 verbose request uri https://registry.npmjs.org/async
232 verbose request no auth needed
233 info attempt registry request try #1 at 2:27:56 PM
234 verbose etag "94G43L4JX9SJA8QTF0M56O4M"
235 http request GET https://registry.npmjs.org/async
236 http 304 https://registry.npmjs.org/bindings
237 silly get cb [ 304,
237 silly get   { date: 'Fri, 02 Oct 2015 10:27:56 GMT',
237 silly get     via: '1.1 varnish',
237 silly get     'cache-control': 'max-age=60',
237 silly get     etag: '"547Q3C60W4DUGPOZ65YOO6930"',
237 silly get     age: '45',
237 silly get     connection: 'keep-alive',
237 silly get     'x-served-by': 'cache-sin6926-SIN',
237 silly get     'x-cache': 'HIT',
237 silly get     'x-cache-hits': '2',
237 silly get     'x-timer': 'S1443781676.535493,VS0,VE0',
237 silly get     vary: 'Accept' } ]
238 verbose etag https://registry.npmjs.org/bindings from cache
239 verbose get saving bindings to /Users/Tweek/.npm/registry.npmjs.org/bindings/.cache.json
240 silly mapToRegistry name bindings
241 silly mapToRegistry using default registry
242 silly mapToRegistry registry https://registry.npmjs.org/
243 silly mapToRegistry uri https://registry.npmjs.org/bindings
244 verbose addRemoteTarball https://registry.npmjs.org/bindings/-/bindings-0.3.0.tgz not in flight; adding
245 verbose addRemoteTarball [ 'https://registry.npmjs.org/bindings/-/bindings-0.3.0.tgz',
245 verbose addRemoteTarball   '2d01b7061ca312c6600c9b512404fd3ef99c06f3' ]
246 info retry fetch attempt 1 at 2:27:56 PM
247 info attempt registry request try #1 at 2:27:56 PM
248 http fetch GET https://registry.npmjs.org/bindings/-/bindings-0.3.0.tgz
249 http 200 https://registry.npmjs.org/optimist
250 silly get cb [ 200,
250 silly get   { server: 'CouchDB/1.5.0 (Erlang OTP/R16B03)',
250 silly get     etag: '"9RQUNK7BUOJS98VF9ZAO7UP4H"',
250 silly get     'content-type': 'application/json',
250 silly get     'cache-control': 'max-age=60',
250 silly get     'content-length': '46448',
250 silly get     'accept-ranges': 'bytes',
250 silly get     date: 'Fri, 02 Oct 2015 10:27:56 GMT',
250 silly get     via: '1.1 varnish',
250 silly get     age: '46',
250 silly get     connection: 'keep-alive',
250 silly get     'x-served-by': 'cache-sin6920-SIN',
250 silly get     'x-cache': 'HIT',
250 silly get     'x-cache-hits': '2',
250 silly get     'x-timer': 'S1443781676.527130,VS0,VE0',
250 silly get     vary: 'Accept' } ]
251 verbose get saving optimist to /Users/Tweek/.npm/registry.npmjs.org/optimist/.cache.json
252 silly addNameRange number 2 { name: 'optimist', range: '>=0.3.4 <0.4.0', hasData: true }
253 silly addNameRange versions [ 'optimist',
253 silly addNameRange   [ '0.0.1',
253 silly addNameRange     '0.0.2',
253 silly addNameRange     '0.0.4',
253 silly addNameRange     '0.0.5',
253 silly addNameRange     '0.0.6',
253 silly addNameRange     '0.0.7',
253 silly addNameRange     '0.1.0',
253 silly addNameRange     '0.1.1',
253 silly addNameRange     '0.1.2',
253 silly addNameRange     '0.1.3',
253 silly addNameRange     '0.1.4',
253 silly addNameRange     '0.1.5',
253 silly addNameRange     '0.1.6',
253 silly addNameRange     '0.1.7',
253 silly addNameRange     '0.1.8',
253 silly addNameRange     '0.1.9',
253 silly addNameRange     '0.0.3',
253 silly addNameRange     '0.2.0',
253 silly addNameRange     '0.2.1',
253 silly addNameRange     '0.2.2',
253 silly addNameRange     '0.2.3',
253 silly addNameRange     '0.2.4',
253 silly addNameRange     '0.2.5',
253 silly addNameRange     '0.2.6',
253 silly addNameRange     '0.2.7',
253 silly addNameRange     '0.2.8',
253 silly addNameRange     '0.3.0',
253 silly addNameRange     '0.3.1',
253 silly addNameRange     '0.3.3',
253 silly addNameRange     '0.3.4',
253 silly addNameRange     '0.3.5',
253 silly addNameRange     '0.3.6',
253 silly addNameRange     '0.3.7',
253 silly addNameRange     '0.4.0',
253 silly addNameRange     '0.5.0',
253 silly addNameRange     '0.5.1',
253 silly addNameRange     '0.5.2',
253 silly addNameRange     '0.6.0',
253 silly addNameRange     '0.6.1' ] ]
254 silly addNamed optimist@0.3.7
255 verbose addNamed "0.3.7" is a plain semver version for optimist
256 silly cache afterAdd optimist@0.3.7
257 verbose afterAdd /Users/Tweek/.npm/optimist/0.3.7/package/package.json not in flight; writing
258 verbose afterAdd /Users/Tweek/.npm/optimist/0.3.7/package/package.json written
259 http 200 https://registry.npmjs.org/async
260 silly get cb [ 200,
260 silly get   { server: 'CouchDB/1.5.0 (Erlang OTP/R16B03)',
260 silly get     etag: '"C6OQGFFHY0KZ4WOBFE1J0386Y"',
260 silly get     'content-type': 'application/json',
260 silly get     'cache-control': 'max-age=60',
260 silly get     'content-length': '128924',
260 silly get     'accept-ranges': 'bytes',
260 silly get     date: 'Fri, 02 Oct 2015 10:27:56 GMT',
260 silly get     via: '1.1 varnish',
260 silly get     age: '52',
260 silly get     connection: 'keep-alive',
260 silly get     'x-served-by': 'cache-sin6922-SIN',
260 silly get     'x-cache': 'HIT',
260 silly get     'x-cache-hits': '5',
260 silly get     'x-timer': 'S1443781676.516714,VS0,VE0',
260 silly get     vary: 'Accept' } ]
261 verbose get saving async to /Users/Tweek/.npm/registry.npmjs.org/async/.cache.json
262 silly mapToRegistry name async
263 silly mapToRegistry using default registry
264 silly mapToRegistry registry https://registry.npmjs.org/
265 silly mapToRegistry uri https://registry.npmjs.org/async
266 verbose addRemoteTarball https://registry.npmjs.org/async/-/async-0.1.18.tgz not in flight; adding
267 verbose addRemoteTarball [ 'https://registry.npmjs.org/async/-/async-0.1.18.tgz',
267 verbose addRemoteTarball   'c59c923920b76d5bf23248c04433920c4d45086a' ]
268 info retry fetch attempt 1 at 2:27:57 PM
269 info attempt registry request try #1 at 2:27:57 PM
270 http fetch GET https://registry.npmjs.org/async/-/async-0.1.18.tgz
271 http fetch 200 https://registry.npmjs.org/bindings/-/bindings-0.3.0.tgz
272 silly fetchAndShaCheck shasum 2d01b7061ca312c6600c9b512404fd3ef99c06f3
273 verbose addTmpTarball /tmp/npm-752-6591d5f1/registry.npmjs.org/bindings/-/bindings-0.3.0.tgz not in flight; adding
274 verbose addTmpTarball already have metadata; skipping unpack for bindings@0.3.0
275 silly cache afterAdd bindings@0.3.0
276 verbose afterAdd /Users/Tweek/.npm/bindings/0.3.0/package/package.json not in flight; writing
277 verbose afterAdd /Users/Tweek/.npm/bindings/0.3.0/package/package.json written
278 http 304 https://registry.npmjs.org/sf
279 silly get cb [ 304,
279 silly get   { date: 'Fri, 02 Oct 2015 10:27:56 GMT',
279 silly get     via: '1.1 varnish',
279 silly get     'cache-control': 'max-age=60',
279 silly get     etag: '"18YCYRQVZMFUSUJEQ9LVIUD85"',
279 silly get     age: '0',
279 silly get     connection: 'keep-alive',
279 silly get     'x-served-by': 'cache-sin6923-SIN',
279 silly get     'x-cache': 'MISS',
279 silly get     'x-cache-hits': '0',
279 silly get     'x-timer': 'S1443781676.524944,VS0,VE841',
279 silly get     vary: 'Accept' } ]
280 verbose etag https://registry.npmjs.org/sf from cache
281 verbose get saving sf to /Users/Tweek/.npm/registry.npmjs.org/sf/.cache.json
282 silly mapToRegistry name sf
283 silly mapToRegistry using default registry
284 silly mapToRegistry registry https://registry.npmjs.org/
285 silly mapToRegistry uri https://registry.npmjs.org/sf
286 verbose addRemoteTarball https://registry.npmjs.org/sf/-/sf-0.1.3.tgz not in flight; adding
287 verbose addRemoteTarball [ 'https://registry.npmjs.org/sf/-/sf-0.1.3.tgz',
287 verbose addRemoteTarball   'a5d246148241ace3788447f6a9a95b564762c354' ]
288 info retry fetch attempt 1 at 2:27:57 PM
289 info attempt registry request try #1 at 2:27:57 PM
290 http fetch GET https://registry.npmjs.org/sf/-/sf-0.1.3.tgz
291 http fetch 200 https://registry.npmjs.org/async/-/async-0.1.18.tgz
292 silly fetchAndShaCheck shasum c59c923920b76d5bf23248c04433920c4d45086a
293 verbose addTmpTarball /tmp/npm-752-6591d5f1/registry.npmjs.org/async/-/async-0.1.18.tgz not in flight; adding
294 verbose addTmpTarball already have metadata; skipping unpack for async@0.1.18
295 silly cache afterAdd async@0.1.18
296 verbose afterAdd /Users/Tweek/.npm/async/0.1.18/package/package.json not in flight; writing
297 verbose afterAdd /Users/Tweek/.npm/async/0.1.18/package/package.json written
298 http fetch 200 https://registry.npmjs.org/sf/-/sf-0.1.3.tgz
299 silly fetchAndShaCheck shasum a5d246148241ace3788447f6a9a95b564762c354
300 verbose addTmpTarball /tmp/npm-752-6591d5f1/registry.npmjs.org/sf/-/sf-0.1.3.tgz not in flight; adding
301 verbose addTmpTarball already have metadata; skipping unpack for sf@0.1.3
302 silly cache afterAdd sf@0.1.3
303 verbose afterAdd /Users/Tweek/.npm/sf/0.1.3/package/package.json not in flight; writing
304 verbose afterAdd /Users/Tweek/.npm/sf/0.1.3/package/package.json written
305 silly install resolved [ { name: 'optimist',
305 silly install resolved     version: '0.3.7',
305 silly install resolved     description: 'Light-weight option parsing with an argv hash. No optstrings attached.',
305 silly install resolved     main: './index.js',
305 silly install resolved     dependencies: { wordwrap: '~0.0.2' },
305 silly install resolved     devDependencies: { hashish: '~0.0.4', tap: '~0.4.0' },
305 silly install resolved     scripts: { test: 'tap ./test/*.js' },
305 silly install resolved     repository:
305 silly install resolved      { type: 'git',
305 silly install resolved        url: 'git+ssh://git@github.com/substack/node-optimist.git' },
305 silly install resolved     keywords:
305 silly install resolved      [ 'argument',
305 silly install resolved        'args',
305 silly install resolved        'option',
305 silly install resolved        'parser',
305 silly install resolved        'parsing',
305 silly install resolved        'cli',
305 silly install resolved        'command' ],
305 silly install resolved     author:
305 silly install resolved      { name: 'James Halliday',
305 silly install resolved        email: 'mail@substack.net',
305 silly install resolved        url: 'http://substack.net' },
305 silly install resolved     license: 'MIT/X11',
305 silly install resolved     engine: { node: '>=0.4' },
305 silly install resolved     _id: 'optimist@0.3.7',
305 silly install resolved     dist:
305 silly install resolved      { shasum: 'c90941ad59e4273328923074d2cf2e7cbc6ec0d9',
305 silly install resolved        tarball: 'http://registry.npmjs.org/optimist/-/optimist-0.3.7.tgz' },
305 silly install resolved     _from: 'optimist@>=0.3.4 <0.4.0',
305 silly install resolved     _npmVersion: '1.2.2',
305 silly install resolved     _npmUser: { name: 'substack', email: 'mail@substack.net' },
305 silly install resolved     maintainers: [ [Object] ],
305 silly install resolved     directories: {},
305 silly install resolved     _shasum: 'c90941ad59e4273328923074d2cf2e7cbc6ec0d9',
305 silly install resolved     _resolved: 'https://registry.npmjs.org/optimist/-/optimist-0.3.7.tgz',
305 silly install resolved     bugs: { url: 'https://github.com/substack/node-optimist/issues' },
305 silly install resolved     readme: 'ERROR: No README data found!',
305 silly install resolved     homepage: 'https://github.com/substack/node-optimist#readme' },
305 silly install resolved   { name: 'bindings',
305 silly install resolved     description: 'Helper module for loading your native module\'s bindings in a cross-platform way',
305 silly install resolved     keywords: [ 'native', 'addon', 'bindings', 'gyp' ],
305 silly install resolved     version: '0.3.0',
305 silly install resolved     author:
305 silly install resolved      { name: 'Nathan Rajlich',
305 silly install resolved        email: 'nathan@tootallnate.net',
305 silly install resolved        url: 'http://tootallnate.net' },
305 silly install resolved     repository:
305 silly install resolved      { type: 'git',
305 silly install resolved        url: 'git://github.com/TooTallNate/node-bindings.git' },
305 silly install resolved     main: './bindings.js',
305 silly install resolved     engines: { node: '*' },
305 silly install resolved     _npmUser: { name: 'TooTallNate', email: 'nathan@tootallnate.net' },
305 silly install resolved     _id: 'bindings@0.3.0',
305 silly install resolved     dependencies: {},
305 silly install resolved     devDependencies: {},
305 silly install resolved     optionalDependencies: {},
305 silly install resolved     _engineSupported: true,
305 silly install resolved     _npmVersion: '1.1.1',
305 silly install resolved     _nodeVersion: 'v0.6.11',
305 silly install resolved     _defaultsLoaded: true,
305 silly install resolved     dist:
305 silly install resolved      { shasum: '2d01b7061ca312c6600c9b512404fd3ef99c06f3',
305 silly install resolved        tarball: 'http://registry.npmjs.org/bindings/-/bindings-0.3.0.tgz' },
305 silly install resolved     maintainers: [ [Object] ],
305 silly install resolved     directories: {},
305 silly install resolved     _shasum: '2d01b7061ca312c6600c9b512404fd3ef99c06f3',
305 silly install resolved     _resolved: 'https://registry.npmjs.org/bindings/-/bindings-0.3.0.tgz',
305 silly install resolved     _from: 'bindings@0.3.0' },
305 silly install resolved   { name: 'async',
305 silly install resolved     description: 'Higher-order functions and common patterns for asynchronous code',
305 silly install resolved     main: './index',
305 silly install resolved     author: { name: 'Caolan McMahon' },
305 silly install resolved     version: '0.1.18',
305 silly install resolved     repository: { type: 'git', url: 'git://github.com/caolan/async.git' },
305 silly install resolved     bugs: { url: 'http://github.com/caolan/async/issues' },
305 silly install resolved     licenses: [ [Object] ],
305 silly install resolved     devDependencies: { nodeunit: '>0.0.0', 'uglify-js': '1.2.x', nodelint: '>0.0.0' },
305 silly install resolved     _npmUser: { name: 'caolan', email: 'caolan@caolanmcmahon.com' },
305 silly install resolved     _id: 'async@0.1.18',
305 silly install resolved     dependencies: {},
305 silly install resolved     optionalDependencies: {},
305 silly install resolved     engines: { node: '*' },
305 silly install resolved     _engineSupported: true,
305 silly install resolved     _npmVersion: '1.1.1',
305 silly install resolved     _nodeVersion: 'v0.6.11',
305 silly install resolved     _defaultsLoaded: true,
305 silly install resolved     dist:
305 silly install resolved      { shasum: 'c59c923920b76d5bf23248c04433920c4d45086a',
305 silly install resolved        tarball: 'http://registry.npmjs.org/async/-/async-0.1.18.tgz' },
305 silly install resolved     maintainers: [ [Object] ],
305 silly install resolved     directories: {},
305 silly install resolved     _shasum: 'c59c923920b76d5bf23248c04433920c4d45086a',
305 silly install resolved     _resolved: 'https://registry.npmjs.org/async/-/async-0.1.18.tgz',
305 silly install resolved     _from: 'async@0.1.18' },
305 silly install resolved   { name: 'sf',
305 silly install resolved     description: 'String formatting library for node.js',
305 silly install resolved     author: { name: 'Joe Ferner', email: 'joe.ferner@nearinfinity.com' },
305 silly install resolved     keywords: [ 'string', 'format', 'template' ],
305 silly install resolved     version: '0.1.3',
305 silly install resolved     engines: { node: '>=0.6.0' },
305 silly install resolved     maintainers: [ [Object] ],
305 silly install resolved     bugs: { url: 'https://github.com/nearinfinity/node-sf/issues' },
305 silly install resolved     license: 'MIT',
305 silly install resolved     repository:
305 silly install resolved      { type: 'git',
305 silly install resolved        url: 'git://github.com/nearinfinity/node-sf.git' },
305 silly install resolved     devDependencies: { nodeunit: '~0.7.3' },
305 silly install resolved     scripts: { test: 'nodeunit test' },
305 silly install resolved     main: './index.js',
305 silly install resolved     _npmUser: { name: 'joeferner', email: 'joe@fernsroth.com' },
305 silly install resolved     _id: 'sf@0.1.3',
305 silly install resolved     dependencies: {},
305 silly install resolved     optionalDependencies: {},
305 silly install resolved     _engineSupported: true,
305 silly install resolved     _npmVersion: '1.1.4',
305 silly install resolved     _nodeVersion: 'v0.7.7',
305 silly install resolved     _defaultsLoaded: true,
305 silly install resolved     dist:
305 silly install resolved      { shasum: 'a5d246148241ace3788447f6a9a95b564762c354',
305 silly install resolved        tarball: 'http://registry.npmjs.org/sf/-/sf-0.1.3.tgz' },
305 silly install resolved     directories: {},
305 silly install resolved     _shasum: 'a5d246148241ace3788447f6a9a95b564762c354',
305 silly install resolved     _resolved: 'https://registry.npmjs.org/sf/-/sf-0.1.3.tgz',
305 silly install resolved     _from: 'sf@0.1.3' } ]
306 info install optimist@0.3.7 into /Users/Tweek/Dropbox/code/webmap/node_modules/serialport2
307 info install bindings@0.3.0 into /Users/Tweek/Dropbox/code/webmap/node_modules/serialport2
308 info install async@0.1.18 into /Users/Tweek/Dropbox/code/webmap/node_modules/serialport2
309 info install sf@0.1.3 into /Users/Tweek/Dropbox/code/webmap/node_modules/serialport2
310 info installOne optimist@0.3.7
311 verbose installOne of optimist to /Users/Tweek/Dropbox/code/webmap/node_modules/serialport2 not in flight; installing
312 info installOne bindings@0.3.0
313 verbose installOne of bindings to /Users/Tweek/Dropbox/code/webmap/node_modules/serialport2 not in flight; installing
314 info installOne async@0.1.18
315 verbose installOne of async to /Users/Tweek/Dropbox/code/webmap/node_modules/serialport2 not in flight; installing
316 info installOne sf@0.1.3
317 verbose installOne of sf to /Users/Tweek/Dropbox/code/webmap/node_modules/serialport2 not in flight; installing
318 verbose lock using /Users/Tweek/.npm/_locks/optimist-33a9093a0d0cd2f7.lock for /Users/Tweek/Dropbox/code/webmap/node_modules/serialport2/node_modules/optimist
319 silly install write writing optimist 0.3.7 to /Users/Tweek/Dropbox/code/webmap/node_modules/serialport2/node_modules/optimist
320 verbose lock using /Users/Tweek/.npm/_locks/bindings-e6776d106ebe842f.lock for /Users/Tweek/Dropbox/code/webmap/node_modules/serialport2/node_modules/bindings
321 verbose lock using /Users/Tweek/.npm/_locks/async-b04588b5e7084bb8.lock for /Users/Tweek/Dropbox/code/webmap/node_modules/serialport2/node_modules/async
322 verbose lock using /Users/Tweek/.npm/_locks/sf-0803dbffafb9779f.lock for /Users/Tweek/Dropbox/code/webmap/node_modules/serialport2/node_modules/sf
323 silly install write writing bindings 0.3.0 to /Users/Tweek/Dropbox/code/webmap/node_modules/serialport2/node_modules/bindings
324 silly install write writing async 0.1.18 to /Users/Tweek/Dropbox/code/webmap/node_modules/serialport2/node_modules/async
325 silly install write writing sf 0.1.3 to /Users/Tweek/Dropbox/code/webmap/node_modules/serialport2/node_modules/sf
326 verbose unbuild node_modules/serialport2/node_modules/optimist
327 verbose unbuild node_modules/serialport2/node_modules/bindings
328 verbose unbuild node_modules/serialport2/node_modules/async
329 verbose unbuild node_modules/serialport2/node_modules/sf
330 silly gentlyRm /Users/Tweek/Dropbox/code/webmap/node_modules/serialport2/node_modules/optimist is being purged from base /Users/Tweek/Dropbox/code/webmap
331 verbose gentlyRm don't care about contents; nuking /Users/Tweek/Dropbox/code/webmap/node_modules/serialport2/node_modules/optimist
332 verbose tar unpack /Users/Tweek/.npm/optimist/0.3.7/package.tgz
333 verbose tar unpacking to /Users/Tweek/Dropbox/code/webmap/node_modules/serialport2/node_modules/optimist
334 silly gentlyRm /Users/Tweek/Dropbox/code/webmap/node_modules/serialport2/node_modules/optimist is being purged
335 verbose gentlyRm don't care about contents; nuking /Users/Tweek/Dropbox/code/webmap/node_modules/serialport2/node_modules/optimist
336 silly gentlyRm /Users/Tweek/Dropbox/code/webmap/node_modules/serialport2/node_modules/bindings is being purged from base /Users/Tweek/Dropbox/code/webmap
337 verbose gentlyRm don't care about contents; nuking /Users/Tweek/Dropbox/code/webmap/node_modules/serialport2/node_modules/bindings
338 silly gentlyRm /Users/Tweek/Dropbox/code/webmap/node_modules/serialport2/node_modules/async is being purged from base /Users/Tweek/Dropbox/code/webmap
339 verbose gentlyRm don't care about contents; nuking /Users/Tweek/Dropbox/code/webmap/node_modules/serialport2/node_modules/async
340 silly gentlyRm /Users/Tweek/Dropbox/code/webmap/node_modules/serialport2/node_modules/sf is being purged from base /Users/Tweek/Dropbox/code/webmap
341 verbose gentlyRm don't care about contents; nuking /Users/Tweek/Dropbox/code/webmap/node_modules/serialport2/node_modules/sf
342 silly gunzTarPerm modes [ '755', '644' ]
343 verbose tar unpack /Users/Tweek/.npm/bindings/0.3.0/package.tgz
344 verbose tar unpacking to /Users/Tweek/Dropbox/code/webmap/node_modules/serialport2/node_modules/bindings
345 silly gentlyRm /Users/Tweek/Dropbox/code/webmap/node_modules/serialport2/node_modules/bindings is being purged
346 verbose gentlyRm don't care about contents; nuking /Users/Tweek/Dropbox/code/webmap/node_modules/serialport2/node_modules/bindings
347 verbose tar unpack /Users/Tweek/.npm/async/0.1.18/package.tgz
348 verbose tar unpacking to /Users/Tweek/Dropbox/code/webmap/node_modules/serialport2/node_modules/async
349 silly gentlyRm /Users/Tweek/Dropbox/code/webmap/node_modules/serialport2/node_modules/async is being purged
350 verbose gentlyRm don't care about contents; nuking /Users/Tweek/Dropbox/code/webmap/node_modules/serialport2/node_modules/async
351 verbose tar unpack /Users/Tweek/.npm/sf/0.1.3/package.tgz
352 verbose tar unpacking to /Users/Tweek/Dropbox/code/webmap/node_modules/serialport2/node_modules/sf
353 silly gentlyRm /Users/Tweek/Dropbox/code/webmap/node_modules/serialport2/node_modules/sf is being purged
354 verbose gentlyRm don't care about contents; nuking /Users/Tweek/Dropbox/code/webmap/node_modules/serialport2/node_modules/sf
355 silly gunzTarPerm modes [ '755', '644' ]
356 silly gunzTarPerm modes [ '755', '644' ]
357 silly gunzTarPerm modes [ '755', '644' ]
358 silly gunzTarPerm extractEntry package.json
359 silly gunzTarPerm extractEntry bindings.js
360 silly gunzTarPerm extractEntry README.md
361 silly gunzTarPerm extractEntry .npmignore
362 silly gunzTarPerm extractEntry LICENSE
363 silly gunzTarPerm extractEntry index.js
364 silly gunzTarPerm extractEntry package.json
365 silly gunzTarPerm extractEntry README.md
366 silly gunzTarPerm extractEntry README.md
367 silly gunzTarPerm extractEntry lib/
368 silly gunzTarPerm extractEntry example/line_count_options.js
369 silly gunzTarPerm extractEntry lib/stringFormat.js
370 silly gunzTarPerm extractEntry .idea/
371 silly gunzTarPerm extractEntry .idea/.name
372 silly gunzTarPerm extractEntry test/
373 silly gunzTarPerm extractEntry test/stringFormatTest.js
374 silly gunzTarPerm extractEntry test/indentTest.js
375 silly gunzTarPerm extractEntry package.json
376 silly gunzTarPerm extractEntry index.js
377 silly gunzTarPerm extractEntry example/boolean_double.js
378 silly gunzTarPerm extractEntry example/divide.js
379 silly gunzTarPerm extractEntry index.js
380 verbose write writing to /Users/Tweek/Dropbox/code/webmap/node_modules/serialport2/node_modules/bindings/package.json
381 silly gunzTarPerm extractEntry example/nonopt.js
382 silly gunzTarPerm extractEntry example/string.js
383 info preinstall bindings@0.3.0
384 verbose readDependencies loading dependencies from /Users/Tweek/Dropbox/code/webmap/node_modules/serialport2/node_modules/bindings/package.json
385 silly gunzTarPerm extractEntry example/default_hash.js
386 silly gunzTarPerm extractEntry example/reflect.js
387 silly gunzTarPerm extractEntry .npmignore
388 silly gunzTarPerm extractEntry Makefile
389 verbose readDependencies loading dependencies from /Users/Tweek/Dropbox/code/webmap/node_modules/serialport2/node_modules/bindings/package.json
390 silly gunzTarPerm extractEntry example/default_singles.js
391 silly gunzTarPerm extractEntry example/usage-options.js
392 silly gunzTarPerm extractEntry package.json
393 silly gunzTarPerm extractEntry lib/
394 silly install resolved []
395 verbose about to build /Users/Tweek/Dropbox/code/webmap/node_modules/serialport2/node_modules/bindings
396 info build /Users/Tweek/Dropbox/code/webmap/node_modules/serialport2/node_modules/bindings
397 silly gunzTarPerm extractEntry example/bool.js
398 silly gunzTarPerm extractEntry example/short.js
399 silly gunzTarPerm extractEntry lib/async.js
400 silly gunzTarPerm extractEntry LICENSE
401 info linkStuff bindings@0.3.0
402 silly linkStuff bindings@0.3.0 has /Users/Tweek/Dropbox/code/webmap/node_modules/serialport2/node_modules as its parent node_modules
403 silly gunzTarPerm extractEntry example/xup.js
404 silly gunzTarPerm extractEntry example/boolean_single.js
405 silly gunzTarPerm extractEntry .gitmodules
406 verbose linkBins bindings@0.3.0
407 verbose linkMans bindings@0.3.0
408 verbose rebuildBundles bindings@0.3.0
409 silly gunzTarPerm extractEntry example/line_count_wrap.js
410 silly gunzTarPerm extractEntry example/line_count.js
411 info install bindings@0.3.0
412 info postinstall bindings@0.3.0
413 verbose unlock done using /Users/Tweek/.npm/_locks/bindings-e6776d106ebe842f.lock for /Users/Tweek/Dropbox/code/webmap/node_modules/serialport2/node_modules/bindings
414 silly gunzTarPerm extractEntry readme.markdown
415 silly gunzTarPerm extractEntry test/parse.js
416 silly gunzTarPerm extractEntry test/_.js
417 silly gunzTarPerm extractEntry test/usage.js
418 silly gunzTarPerm extractEntry test/_/bin.js
419 silly gunzTarPerm extractEntry test/_/argv.js
420 silly gunzTarPerm extractEntry .travis.yml
421 verbose write writing to /Users/Tweek/Dropbox/code/webmap/node_modules/serialport2/node_modules/sf/package.json
422 info preinstall sf@0.1.3
423 verbose readDependencies loading dependencies from /Users/Tweek/Dropbox/code/webmap/node_modules/serialport2/node_modules/sf/package.json
424 verbose write writing to /Users/Tweek/Dropbox/code/webmap/node_modules/serialport2/node_modules/async/package.json
425 verbose readDependencies loading dependencies from /Users/Tweek/Dropbox/code/webmap/node_modules/serialport2/node_modules/sf/package.json
426 info preinstall async@0.1.18
427 verbose readDependencies loading dependencies from /Users/Tweek/Dropbox/code/webmap/node_modules/serialport2/node_modules/async/package.json
428 silly install resolved []
429 verbose about to build /Users/Tweek/Dropbox/code/webmap/node_modules/serialport2/node_modules/sf
430 info build /Users/Tweek/Dropbox/code/webmap/node_modules/serialport2/node_modules/sf
431 verbose readDependencies loading dependencies from /Users/Tweek/Dropbox/code/webmap/node_modules/serialport2/node_modules/async/package.json
432 info linkStuff sf@0.1.3
433 silly linkStuff sf@0.1.3 has /Users/Tweek/Dropbox/code/webmap/node_modules/serialport2/node_modules as its parent node_modules
434 silly install resolved []
435 verbose about to build /Users/Tweek/Dropbox/code/webmap/node_modules/serialport2/node_modules/async
436 info build /Users/Tweek/Dropbox/code/webmap/node_modules/serialport2/node_modules/async
437 verbose linkBins sf@0.1.3
438 verbose linkMans sf@0.1.3
439 verbose rebuildBundles sf@0.1.3
440 info install sf@0.1.3
441 info postinstall sf@0.1.3
442 info linkStuff async@0.1.18
443 silly linkStuff async@0.1.18 has /Users/Tweek/Dropbox/code/webmap/node_modules/serialport2/node_modules as its parent node_modules
444 verbose unlock done using /Users/Tweek/.npm/_locks/sf-0803dbffafb9779f.lock for /Users/Tweek/Dropbox/code/webmap/node_modules/serialport2/node_modules/sf
445 verbose linkBins async@0.1.18
446 verbose linkMans async@0.1.18
447 verbose rebuildBundles async@0.1.18
448 info install async@0.1.18
449 info postinstall async@0.1.18
450 verbose unlock done using /Users/Tweek/.npm/_locks/async-b04588b5e7084bb8.lock for /Users/Tweek/Dropbox/code/webmap/node_modules/serialport2/node_modules/async
451 verbose write writing to /Users/Tweek/Dropbox/code/webmap/node_modules/serialport2/node_modules/optimist/package.json
452 info preinstall optimist@0.3.7
453 verbose readDependencies loading dependencies from /Users/Tweek/Dropbox/code/webmap/node_modules/serialport2/node_modules/optimist/package.json
454 silly prepareForInstallMany adding wordwrap@~0.0.2 from optimist dependencies
455 verbose readDependencies loading dependencies from /Users/Tweek/Dropbox/code/webmap/node_modules/serialport2/node_modules/optimist/package.json
456 silly cache add args [ 'wordwrap@~0.0.2', null ]
457 verbose cache add spec wordwrap@~0.0.2
458 silly cache add parsed spec { raw: 'wordwrap@~0.0.2',
458 silly cache add   scope: null,
458 silly cache add   name: 'wordwrap',
458 silly cache add   rawSpec: '~0.0.2',
458 silly cache add   spec: '>=0.0.2 <0.1.0',
458 silly cache add   type: 'range' }
459 silly addNamed wordwrap@>=0.0.2 <0.1.0
460 verbose addNamed ">=0.0.2 <0.1.0" is a valid semver range for wordwrap
461 silly addNameRange { name: 'wordwrap', range: '>=0.0.2 <0.1.0', hasData: false }
462 silly mapToRegistry name wordwrap
463 silly mapToRegistry using default registry
464 silly mapToRegistry registry https://registry.npmjs.org/
465 silly mapToRegistry uri https://registry.npmjs.org/wordwrap
466 verbose addNameRange registry:https://registry.npmjs.org/wordwrap not in flight; fetching
467 verbose request uri https://registry.npmjs.org/wordwrap
468 verbose request no auth needed
469 info attempt registry request try #1 at 2:27:58 PM
470 verbose etag "5TO81278FOKJW7UV893Z7ZH0U"
471 http request GET https://registry.npmjs.org/wordwrap
472 http 200 https://registry.npmjs.org/wordwrap
473 silly get cb [ 200,
473 silly get   { server: 'CouchDB/1.5.0 (Erlang OTP/R16B03)',
473 silly get     etag: '"2DUJJFXDI3JZ1SGDOBDV071O0"',
473 silly get     'content-type': 'application/json',
473 silly get     'cache-control': 'max-age=60',
473 silly get     'content-length': '6772',
473 silly get     'accept-ranges': 'bytes',
473 silly get     date: 'Fri, 02 Oct 2015 10:27:58 GMT',
473 silly get     via: '1.1 varnish',
473 silly get     age: '42',
473 silly get     connection: 'keep-alive',
473 silly get     'x-served-by': 'cache-sin6922-SIN',
473 silly get     'x-cache': 'HIT',
473 silly get     'x-cache-hits': '3',
473 silly get     'x-timer': 'S1443781678.590059,VS0,VE0',
473 silly get     vary: 'Accept' } ]
474 verbose get saving wordwrap to /Users/Tweek/.npm/registry.npmjs.org/wordwrap/.cache.json
475 silly addNameRange number 2 { name: 'wordwrap', range: '>=0.0.2 <0.1.0', hasData: true }
476 silly addNameRange versions [ 'wordwrap', [ '0.0.1', '0.0.2', '0.0.3', '1.0.0' ] ]
477 silly addNamed wordwrap@0.0.3
478 verbose addNamed "0.0.3" is a plain semver version for wordwrap
479 silly cache afterAdd wordwrap@0.0.3
480 verbose afterAdd /Users/Tweek/.npm/wordwrap/0.0.3/package/package.json not in flight; writing
481 verbose afterAdd /Users/Tweek/.npm/wordwrap/0.0.3/package/package.json written
482 silly install resolved [ { name: 'wordwrap',
482 silly install resolved     description: 'Wrap those words. Show them at what columns to start and stop.',
482 silly install resolved     version: '0.0.3',
482 silly install resolved     repository:
482 silly install resolved      { type: 'git',
482 silly install resolved        url: 'git://github.com/substack/node-wordwrap.git' },
482 silly install resolved     main: './index.js',
482 silly install resolved     keywords: [ 'word', 'wrap', 'rule', 'format', 'column' ],
482 silly install resolved     directories: { lib: '.', example: 'example', test: 'test' },
482 silly install resolved     scripts: { test: 'expresso' },
482 silly install resolved     devDependencies: { expresso: '=0.7.x' },
482 silly install resolved     engines: { node: '>=0.4.0' },
482 silly install resolved     license: 'MIT',
482 silly install resolved     author:
482 silly install resolved      { name: 'James Halliday',
482 silly install resolved        email: 'mail@substack.net',
482 silly install resolved        url: 'http://substack.net' },
482 silly install resolved     gitHead: 'e59aa1bd338914019456bdfba034508c9c4cb29d',
482 silly install resolved     bugs: { url: 'https://github.com/substack/node-wordwrap/issues' },
482 silly install resolved     homepage: 'https://github.com/substack/node-wordwrap#readme',
482 silly install resolved     _id: 'wordwrap@0.0.3',
482 silly install resolved     _shasum: 'a3d5da6cd5c0bc0008d37234bbaf1bed63059107',
482 silly install resolved     _from: 'wordwrap@>=0.0.2 <0.1.0',
482 silly install resolved     _npmVersion: '2.9.0',
482 silly install resolved     _nodeVersion: '2.0.0',
482 silly install resolved     _npmUser: { name: 'substack', email: 'substack@gmail.com' },
482 silly install resolved     dist:
482 silly install resolved      { shasum: 'a3d5da6cd5c0bc0008d37234bbaf1bed63059107',
482 silly install resolved        tarball: 'http://registry.npmjs.org/wordwrap/-/wordwrap-0.0.3.tgz' },
482 silly install resolved     maintainers: [ [Object] ],
482 silly install resolved     _resolved: 'https://registry.npmjs.org/wordwrap/-/wordwrap-0.0.3.tgz',
482 silly install resolved     readme: 'ERROR: No README data found!' } ]
483 info install wordwrap@0.0.3 into /Users/Tweek/Dropbox/code/webmap/node_modules/serialport2/node_modules/optimist
484 info installOne wordwrap@0.0.3
485 verbose installOne of wordwrap to /Users/Tweek/Dropbox/code/webmap/node_modules/serialport2/node_modules/optimist not in flight; installing
486 verbose lock using /Users/Tweek/.npm/_locks/wordwrap-59ac5f2ef1dd9a93.lock for /Users/Tweek/Dropbox/code/webmap/node_modules/serialport2/node_modules/optimist/node_modules/wordwrap
487 silly install write writing wordwrap 0.0.3 to /Users/Tweek/Dropbox/code/webmap/node_modules/serialport2/node_modules/optimist/node_modules/wordwrap
488 verbose unbuild node_modules/serialport2/node_modules/optimist/node_modules/wordwrap
489 silly gentlyRm /Users/Tweek/Dropbox/code/webmap/node_modules/serialport2/node_modules/optimist/node_modules/wordwrap is being purged from base /Users/Tweek/Dropbox/code/webmap
490 verbose gentlyRm don't care about contents; nuking /Users/Tweek/Dropbox/code/webmap/node_modules/serialport2/node_modules/optimist/node_modules/wordwrap
491 verbose tar unpack /Users/Tweek/.npm/wordwrap/0.0.3/package.tgz
492 verbose tar unpacking to /Users/Tweek/Dropbox/code/webmap/node_modules/serialport2/node_modules/optimist/node_modules/wordwrap
493 silly gentlyRm /Users/Tweek/Dropbox/code/webmap/node_modules/serialport2/node_modules/optimist/node_modules/wordwrap is being purged
494 verbose gentlyRm don't care about contents; nuking /Users/Tweek/Dropbox/code/webmap/node_modules/serialport2/node_modules/optimist/node_modules/wordwrap
495 silly gunzTarPerm modes [ '755', '644' ]
496 silly gunzTarPerm extractEntry package.json
497 silly gunzTarPerm extractEntry LICENSE
498 silly gunzTarPerm extractEntry index.js
499 silly gunzTarPerm extractEntry README.markdown
500 silly gunzTarPerm extractEntry example/center.js
501 silly gunzTarPerm extractEntry example/meat.js
502 silly gunzTarPerm extractEntry test/break.js
503 silly gunzTarPerm extractEntry test/wrap.js
504 silly gunzTarPerm extractEntry test/idleness.txt
505 verbose write writing to /Users/Tweek/Dropbox/code/webmap/node_modules/serialport2/node_modules/optimist/node_modules/wordwrap/package.json
506 info preinstall wordwrap@0.0.3
507 verbose readDependencies loading dependencies from /Users/Tweek/Dropbox/code/webmap/node_modules/serialport2/node_modules/optimist/node_modules/wordwrap/package.json
508 verbose readDependencies loading dependencies from /Users/Tweek/Dropbox/code/webmap/node_modules/serialport2/node_modules/optimist/node_modules/wordwrap/package.json
509 silly install resolved []
510 verbose about to build /Users/Tweek/Dropbox/code/webmap/node_modules/serialport2/node_modules/optimist/node_modules/wordwrap
511 info build /Users/Tweek/Dropbox/code/webmap/node_modules/serialport2/node_modules/optimist/node_modules/wordwrap
512 info linkStuff wordwrap@0.0.3
513 silly linkStuff wordwrap@0.0.3 has /Users/Tweek/Dropbox/code/webmap/node_modules/serialport2/node_modules/optimist/node_modules as its parent node_modules
514 verbose linkBins wordwrap@0.0.3
515 verbose linkMans wordwrap@0.0.3
516 verbose rebuildBundles wordwrap@0.0.3
517 info install wordwrap@0.0.3
518 info postinstall wordwrap@0.0.3
519 verbose unlock done using /Users/Tweek/.npm/_locks/wordwrap-59ac5f2ef1dd9a93.lock for /Users/Tweek/Dropbox/code/webmap/node_modules/serialport2/node_modules/optimist/node_modules/wordwrap
520 verbose about to build /Users/Tweek/Dropbox/code/webmap/node_modules/serialport2/node_modules/optimist
521 info build /Users/Tweek/Dropbox/code/webmap/node_modules/serialport2/node_modules/optimist
522 info linkStuff optimist@0.3.7
523 silly linkStuff optimist@0.3.7 has /Users/Tweek/Dropbox/code/webmap/node_modules/serialport2/node_modules as its parent node_modules
524 verbose linkBins optimist@0.3.7
525 verbose linkMans optimist@0.3.7
526 verbose rebuildBundles optimist@0.3.7
527 verbose rebuildBundles [ 'wordwrap' ]
528 info install optimist@0.3.7
529 info postinstall optimist@0.3.7
530 verbose unlock done using /Users/Tweek/.npm/_locks/optimist-33a9093a0d0cd2f7.lock for /Users/Tweek/Dropbox/code/webmap/node_modules/serialport2/node_modules/optimist
531 verbose about to build /Users/Tweek/Dropbox/code/webmap/node_modules/serialport2
532 info build /Users/Tweek/Dropbox/code/webmap/node_modules/serialport2
533 info linkStuff serialport2@0.0.5
534 silly linkStuff serialport2@0.0.5 has /Users/Tweek/Dropbox/code/webmap/node_modules as its parent node_modules
535 verbose linkBins serialport2@0.0.5
536 verbose link bins [ { serialportlist: './bin/serialportList.js',
536 verbose link bins     serialportterm: './bin/serialportTerminal.js' },
536 verbose link bins   '/Users/Tweek/Dropbox/code/webmap/node_modules/.bin',
536 verbose link bins   false ]
537 verbose linkMans serialport2@0.0.5
538 verbose rebuildBundles serialport2@0.0.5
539 verbose rebuildBundles [ 'async', 'bindings', 'optimist', 'sf' ]
540 silly gentlyRm /Users/Tweek/Dropbox/code/webmap/node_modules/.bin/serialportlist is being purged
541 verbose gentlyRm don't care about contents; nuking /Users/Tweek/Dropbox/code/webmap/node_modules/.bin/serialportlist
542 silly gentlyRm /Users/Tweek/Dropbox/code/webmap/node_modules/.bin/serialportterm is being purged
543 verbose gentlyRm don't care about contents; nuking /Users/Tweek/Dropbox/code/webmap/node_modules/.bin/serialportterm
544 silly vacuum-fs purging /Users/Tweek/Dropbox/code/webmap/node_modules/.bin/serialportlist
545 silly vacuum-fs purging /Users/Tweek/Dropbox/code/webmap/node_modules/.bin/serialportterm
546 silly vacuum-fs quitting because other entries in /Users/Tweek/Dropbox/code/webmap/node_modules/.bin
547 silly vacuum-fs quitting because other entries in /Users/Tweek/Dropbox/code/webmap/node_modules/.bin
548 info install serialport2@0.0.5
549 verbose unsafe-perm in lifecycle false
550 info serialport2@0.0.5 Failed to exec install script
551 verbose unlock done using /Users/Tweek/.npm/_locks/serialport2-75045133f5c35a3b.lock for /Users/Tweek/Dropbox/code/webmap/node_modules/serialport2
552 verbose stack Error: serialport2@0.0.5 install: `node-gyp rebuild`
552 verbose stack Exit status 1
552 verbose stack     at EventEmitter.<anonymous> (/usr/local/lib/node_modules/npm/lib/utils/lifecycle.js:213:16)
552 verbose stack     at EventEmitter.emit (events.js:110:17)
552 verbose stack     at ChildProcess.<anonymous> (/usr/local/lib/node_modules/npm/lib/utils/spawn.js:24:14)
552 verbose stack     at ChildProcess.emit (events.js:110:17)
552 verbose stack     at maybeClose (child_process.js:1015:16)
552 verbose stack     at Process.ChildProcess._handle.onexit (child_process.js:1087:5)
553 verbose pkgid serialport2@0.0.5
554 verbose cwd /Users/Tweek/Dropbox/code/webmap
555 error Darwin 14.5.0
556 error argv "/usr/local/bin/node" "/usr/local/bin/npm" "install"
557 error node v0.12.5
558 error npm  v2.11.2
559 error code ELIFECYCLE
560 error serialport2@0.0.5 install: `node-gyp rebuild`
560 error Exit status 1
561 error Failed at the serialport2@0.0.5 install script 'node-gyp rebuild'.
561 error This is most likely a problem with the serialport2 package,
561 error not with npm itself.
561 error Tell the author that this fails on your system:
561 error     node-gyp rebuild
561 error You can get their info via:
561 error     npm owner ls serialport2
561 error There is likely additional logging output above.
562 verbose exit [ 1, true ]
563 verbose unbuild node_modules/serialport2
564 info preuninstall serialport2@0.0.5
565 info uninstall serialport2@0.0.5
566 verbose unbuild rmStuff serialport2@0.0.5 from /Users/Tweek/Dropbox/code/webmap/node_modules
567 silly gentlyRm /Users/Tweek/Dropbox/code/webmap/node_modules/.bin/serialportlist is being gently removed
568 silly gentlyRm verifying /Users/Tweek/Dropbox/code/webmap is an npm working directory
569 silly gentlyRm /Users/Tweek/Dropbox/code/webmap/node_modules/.bin/serialportterm is being gently removed
570 silly gentlyRm verifying /Users/Tweek/Dropbox/code/webmap is an npm working directory
571 silly gentlyRm containing path /Users/Tweek/Dropbox/code/webmap is under npm's control, in /Users/Tweek/Dropbox/code/webmap
572 silly gentlyRm deletion target /Users/Tweek/Dropbox/code/webmap/node_modules/.bin/serialportlist is under /Users/Tweek/Dropbox/code/webmap
573 verbose gentlyRm vacuuming from /Users/Tweek/Dropbox/code/webmap/node_modules/.bin/serialportlist up to /Users/Tweek/Dropbox/code/webmap
574 silly gentlyRm containing path /Users/Tweek/Dropbox/code/webmap is under npm's control, in /Users/Tweek/Dropbox/code/webmap
575 silly gentlyRm deletion target /Users/Tweek/Dropbox/code/webmap/node_modules/.bin/serialportterm is under /Users/Tweek/Dropbox/code/webmap
576 verbose gentlyRm vacuuming from /Users/Tweek/Dropbox/code/webmap/node_modules/.bin/serialportterm up to /Users/Tweek/Dropbox/code/webmap
577 silly vacuum-fs removing /Users/Tweek/Dropbox/code/webmap/node_modules/.bin/serialportlist
578 silly vacuum-fs removing /Users/Tweek/Dropbox/code/webmap/node_modules/.bin/serialportterm
579 silly vacuum-fs quitting because other entries in /Users/Tweek/Dropbox/code/webmap/node_modules/.bin
580 silly vacuum-fs quitting because other entries in /Users/Tweek/Dropbox/code/webmap/node_modules/.bin
581 info postuninstall serialport2@0.0.5
582 silly gentlyRm /Users/Tweek/Dropbox/code/webmap/node_modules/serialport2 is being purged from base /Users/Tweek/Dropbox/code/webmap
583 verbose gentlyRm don't care about contents; nuking /Users/Tweek/Dropbox/code/webmap/node_modules/serialport2
584 silly vacuum-fs purging /Users/Tweek/Dropbox/code/webmap/node_modules/serialport2
585 silly vacuum-fs quitting because other entries in /Users/Tweek/Dropbox/code/webmap/node_modules
